<?xml version="1.0" encoding="UTF-8"?>
<!-- Generated by org.testng.reporters.JUnitReportReporter -->
<testsuite skipped="0" hostname="DESKTOP-6RES1CR" name="org.testt.Nxtproject" tests="1" failures="0" timestamp="04 Jul 2022 04:55:42 GMT" time="25.864" errors="0">
  <testcase name="test" time="25.864" classname="org.testt.Nxtproject"/>
</testsuite> <!-- org.testt.Nxtproject -->
